  [1m[35m (16.4ms)[0m  [1m[35mCREATE TABLE "schema_migrations" ("version" varchar NOT NULL PRIMARY KEY)[0m
  [1m[35m (10.4ms)[0m  [1m[35mCREATE TABLE "ar_internal_metadata" ("key" varchar NOT NULL PRIMARY KEY, "value" varchar, "created_at" datetime NOT NULL, "updated_at" datetime NOT NULL)[0m
  [1m[36mActiveRecord::SchemaMigration Load (0.1ms)[0m  [1m[34mSELECT "schema_migrations".* FROM "schema_migrations"[0m
Migrating to CreateTodoLists (20170315183153)
  [1m[35m (0.0ms)[0m  [1m[36mbegin transaction[0m
  [1m[35m (0.5ms)[0m  [1m[35mCREATE TABLE "todo_lists" ("id" INTEGER PRIMARY KEY AUTOINCREMENT NOT NULL, "title" varchar, "description" text, "created_at" datetime NOT NULL, "updated_at" datetime NOT NULL)[0m
  [1m[35mSQL (0.1ms)[0m  [1m[32mINSERT INTO "schema_migrations" ("version") VALUES (?)[0m  [["version", "20170315183153"]]
  [1m[35m (10.2ms)[0m  [1m[36mcommit transaction[0m
  [1m[36mActiveRecord::InternalMetadata Load (0.1ms)[0m  [1m[34mSELECT  "ar_internal_metadata".* FROM "ar_internal_metadata" WHERE "ar_internal_metadata"."key" = ? LIMIT ?[0m  [["key", :environment], ["LIMIT", 1]]
  [1m[35m (0.0ms)[0m  [1m[36mbegin transaction[0m
  [1m[35mSQL (0.2ms)[0m  [1m[32mINSERT INTO "ar_internal_metadata" ("key", "value", "created_at", "updated_at") VALUES (?, ?, ?, ?)[0m  [["key", "environment"], ["value", "development"], ["created_at", 2017-03-15 18:32:30 UTC], ["updated_at", 2017-03-15 18:32:30 UTC]]
  [1m[35m (11.4ms)[0m  [1m[36mcommit transaction[0m
  [1m[36mActiveRecord::SchemaMigration Load (0.1ms)[0m  [1m[34mSELECT "schema_migrations".* FROM "schema_migrations"[0m
Started GET "/todo_lists" for 127.0.0.1 at 2017-03-15 19:37:19 +0100
  [1m[36mActiveRecord::SchemaMigration Load (0.1ms)[0m  [1m[34mSELECT "schema_migrations".* FROM "schema_migrations"[0m
Processing by TodoListsController#index as HTML
  Rendering todo_lists/index.html.erb within layouts/application
  [1m[36mTodoList Load (0.1ms)[0m  [1m[34mSELECT "todo_lists".* FROM "todo_lists"[0m
  Rendered todo_lists/index.html.erb within layouts/application (13.1ms)
Completed 200 OK in 1939ms (Views: 1929.3ms | ActiveRecord: 0.3ms)


Started GET "/todo_lists" for 127.0.0.1 at 2017-03-15 19:37:23 +0100
Processing by TodoListsController#index as HTML
  Rendering todo_lists/index.html.erb within layouts/application
  [1m[36mTodoList Load (0.2ms)[0m  [1m[34mSELECT "todo_lists".* FROM "todo_lists"[0m
  Rendered todo_lists/index.html.erb within layouts/application (1.4ms)
Completed 200 OK in 17ms (Views: 15.9ms | ActiveRecord: 0.2ms)


Started GET "/todo_lists/new" for 127.0.0.1 at 2017-03-15 19:37:26 +0100
Processing by TodoListsController#new as HTML
  Rendering todo_lists/new.html.erb within layouts/application
  Rendered todo_lists/_form.html.erb (18.5ms)
  Rendered todo_lists/new.html.erb within layouts/application (19.9ms)
Completed 200 OK in 56ms (Views: 50.4ms | ActiveRecord: 0.4ms)


Started POST "/todo_lists" for 127.0.0.1 at 2017-03-15 19:39:08 +0100
Processing by TodoListsController#create as HTML
  Parameters: {"utf8"=>"✓", "authenticity_token"=>"27Mn0NIjPMpJXftRGtsUbOSxQcmpwixyuBy7md7EuBzAd844F1ugI9JTyDN7/quYp0SG8dWlqk+BvY99YT36vA==", "todo_list"=>{"title"=>"12 in 12: Week 6", "description"=>"Stuff i need to do for week 6 of my 12 in 12 Challenge"}, "commit"=>"Create Todo list"}
  [1m[35m (0.1ms)[0m  [1m[36mbegin transaction[0m
  [1m[35mSQL (0.2ms)[0m  [1m[32mINSERT INTO "todo_lists" ("title", "description", "created_at", "updated_at") VALUES (?, ?, ?, ?)[0m  [["title", "12 in 12: Week 6"], ["description", "Stuff i need to do for week 6 of my 12 in 12 Challenge"], ["created_at", 2017-03-15 18:39:08 UTC], ["updated_at", 2017-03-15 18:39:08 UTC]]
  [1m[35m (12.2ms)[0m  [1m[36mcommit transaction[0m
Redirected to http://localhost:3000/todo_lists/1
Completed 302 Found in 20ms (ActiveRecord: 12.5ms)


Started GET "/todo_lists/1" for 127.0.0.1 at 2017-03-15 19:39:08 +0100
Processing by TodoListsController#show as HTML
  Parameters: {"id"=>"1"}
  [1m[36mTodoList Load (0.2ms)[0m  [1m[34mSELECT  "todo_lists".* FROM "todo_lists" WHERE "todo_lists"."id" = ? LIMIT ?[0m  [["id", 1], ["LIMIT", 1]]
  Rendering todo_lists/show.html.erb within layouts/application
  Rendered todo_lists/show.html.erb within layouts/application (1.7ms)
Completed 200 OK in 34ms (Views: 29.6ms | ActiveRecord: 0.2ms)


Started GET "/" for 127.0.0.1 at 2017-03-15 19:40:14 +0100
Processing by TodoListsController#index as HTML
  Rendering todo_lists/index.html.erb within layouts/application
  [1m[36mTodoList Load (0.3ms)[0m  [1m[34mSELECT "todo_lists".* FROM "todo_lists"[0m
  Rendered todo_lists/index.html.erb within layouts/application (5.7ms)
Completed 200 OK in 24ms (Views: 20.4ms | ActiveRecord: 0.7ms)


  [1m[36mActiveRecord::SchemaMigration Load (0.2ms)[0m  [1m[34mSELECT "schema_migrations".* FROM "schema_migrations"[0m
Migrating to CreateTodoItems (20170315184136)
  [1m[35m (0.0ms)[0m  [1m[36mbegin transaction[0m
  [1m[35m (0.3ms)[0m  [1m[35mCREATE TABLE "todo_items" ("id" INTEGER PRIMARY KEY AUTOINCREMENT NOT NULL, "content" varchar, "todo_list_id" integer, "created_at" datetime NOT NULL, "updated_at" datetime NOT NULL)[0m
  [1m[35m (0.1ms)[0m  [1m[34mselect sqlite_version(*)[0m
  [1m[35m (0.1ms)[0m  [1m[35mCREATE  INDEX "index_todo_items_on_todo_list_id" ON "todo_items" ("todo_list_id")[0m
  [1m[35mSQL (0.1ms)[0m  [1m[32mINSERT INTO "schema_migrations" ("version") VALUES (?)[0m  [["version", "20170315184136"]]
  [1m[35m (13.3ms)[0m  [1m[36mcommit transaction[0m
  [1m[36mActiveRecord::InternalMetadata Load (0.1ms)[0m  [1m[34mSELECT  "ar_internal_metadata".* FROM "ar_internal_metadata" WHERE "ar_internal_metadata"."key" = ? LIMIT ?[0m  [["key", :environment], ["LIMIT", 1]]
  [1m[35m (0.0ms)[0m  [1m[36mbegin transaction[0m
  [1m[35m (0.1ms)[0m  [1m[36mcommit transaction[0m
  [1m[36mActiveRecord::SchemaMigration Load (0.1ms)[0m  [1m[34mSELECT "schema_migrations".* FROM "schema_migrations"[0m
  [1m[35m (0.1ms)[0m  [1m[34m            SELECT sql
            FROM sqlite_master
            WHERE name='index_todo_items_on_todo_list_id' AND type='index'
            UNION ALL
            SELECT sql
            FROM sqlite_temp_master
            WHERE name='index_todo_items_on_todo_list_id' AND type='index'
[0m
Started GET "/" for 127.0.0.1 at 2017-03-15 20:16:18 +0100
  [1m[36mActiveRecord::SchemaMigration Load (0.1ms)[0m  [1m[34mSELECT "schema_migrations".* FROM "schema_migrations"[0m
Processing by TodoListsController#index as HTML
  Rendering todo_lists/index.html.erb within layouts/application
  [1m[36mTodoList Load (0.1ms)[0m  [1m[34mSELECT "todo_lists".* FROM "todo_lists"[0m
  Rendered todo_lists/index.html.erb within layouts/application (10.9ms)
Completed 200 OK in 590ms (Views: 209.1ms | ActiveRecord: 0.6ms)


Started GET "/todo_lists/1" for 127.0.0.1 at 2017-03-15 20:16:20 +0100
Processing by TodoListsController#show as HTML
  Parameters: {"id"=>"1"}
  [1m[36mTodoList Load (0.2ms)[0m  [1m[34mSELECT  "todo_lists".* FROM "todo_lists" WHERE "todo_lists"."id" = ? LIMIT ?[0m  [["id", 1], ["LIMIT", 1]]
  Rendering todo_lists/show.html.erb within layouts/application
  [1m[36mTodoItem Load (0.1ms)[0m  [1m[34mSELECT "todo_items".* FROM "todo_items" WHERE "todo_items"."todo_list_id" = ?[0m  [["todo_list_id", 1]]
  Rendered collection of templates [0 times] (0.0ms)
  Rendered todo_items/_form.html.erb (89.5ms)
  Rendered todo_lists/show.html.erb within layouts/application (126.0ms)
Completed 200 OK in 140ms (Views: 137.9ms | ActiveRecord: 0.8ms)


Started POST "/todo_lists/1/todo_items" for 127.0.0.1 at 2017-03-15 20:16:41 +0100
Processing by TodoItemsController#create as HTML
  Parameters: {"utf8"=>"✓", "authenticity_token"=>"wXSxUI7qss80YSEzgLXSmAIIEj7tUUlW0LsiBL6BqIqNv3os2an4Ml5bP1PKAQ1m1g92KTfLeMeT1dKbssDcew==", "todo_item"=>{"content"=>"First todo item"}, "commit"=>"Create Todo item", "todo_list_id"=>"1"}
  [1m[36mTodoList Load (94.6ms)[0m  [1m[34mSELECT  "todo_lists".* FROM "todo_lists" WHERE "todo_lists"."id" = ? LIMIT ?[0m  [["id", nil], ["LIMIT", 1]]
Completed 404 Not Found in 96ms (ActiveRecord: 94.6ms)


  
ActiveRecord::RecordNotFound (Couldn't find TodoList with 'id'=):
  
app/controllers/todo_items_controller.rb:11:in `set_todo_list'
  Rendering /usr/local/lib/ruby/gems/2.3.0/gems/actionpack-5.0.2/lib/action_dispatch/middleware/templates/rescues/diagnostics.html.erb within rescues/layout
  Rendering /usr/local/lib/ruby/gems/2.3.0/gems/actionpack-5.0.2/lib/action_dispatch/middleware/templates/rescues/_source.html.erb
  Rendered /usr/local/lib/ruby/gems/2.3.0/gems/actionpack-5.0.2/lib/action_dispatch/middleware/templates/rescues/_source.html.erb (2.4ms)
  Rendering /usr/local/lib/ruby/gems/2.3.0/gems/actionpack-5.0.2/lib/action_dispatch/middleware/templates/rescues/_trace.html.erb
  Rendered /usr/local/lib/ruby/gems/2.3.0/gems/actionpack-5.0.2/lib/action_dispatch/middleware/templates/rescues/_trace.html.erb (1.4ms)
  Rendering /usr/local/lib/ruby/gems/2.3.0/gems/actionpack-5.0.2/lib/action_dispatch/middleware/templates/rescues/_request_and_response.html.erb
  Rendered /usr/local/lib/ruby/gems/2.3.0/gems/actionpack-5.0.2/lib/action_dispatch/middleware/templates/rescues/_request_and_response.html.erb (1.1ms)
  Rendered /usr/local/lib/ruby/gems/2.3.0/gems/actionpack-5.0.2/lib/action_dispatch/middleware/templates/rescues/diagnostics.html.erb within rescues/layout (19.3ms)
Started POST "/todo_lists/1/todo_items" for 127.0.0.1 at 2017-03-15 20:17:56 +0100
Processing by TodoItemsController#create as HTML
  Parameters: {"utf8"=>"✓", "authenticity_token"=>"wXSxUI7qss80YSEzgLXSmAIIEj7tUUlW0LsiBL6BqIqNv3os2an4Ml5bP1PKAQ1m1g92KTfLeMeT1dKbssDcew==", "todo_item"=>{"content"=>"First todo item"}, "commit"=>"Create Todo item", "todo_list_id"=>"1"}
  [1m[36mTodoList Load (0.1ms)[0m  [1m[34mSELECT  "todo_lists".* FROM "todo_lists" WHERE "todo_lists"."id" = ? LIMIT ?[0m  [["id", 1], ["LIMIT", 1]]
  [1m[35m (0.1ms)[0m  [1m[36mbegin transaction[0m
  [1m[35mSQL (0.2ms)[0m  [1m[32mINSERT INTO "todo_items" ("content", "todo_list_id", "created_at", "updated_at") VALUES (?, ?, ?, ?)[0m  [["content", "First todo item"], ["todo_list_id", 1], ["created_at", 2017-03-15 19:17:56 UTC], ["updated_at", 2017-03-15 19:17:56 UTC]]
  [1m[35m (34.9ms)[0m  [1m[36mcommit transaction[0m
Redirected to http://localhost:3000/todo_lists/1
Completed 302 Found in 53ms (ActiveRecord: 36.3ms)


Started GET "/todo_lists/1" for 127.0.0.1 at 2017-03-15 20:17:56 +0100
Processing by TodoListsController#show as HTML
  Parameters: {"id"=>"1"}
  [1m[36mTodoList Load (0.1ms)[0m  [1m[34mSELECT  "todo_lists".* FROM "todo_lists" WHERE "todo_lists"."id" = ? LIMIT ?[0m  [["id", 1], ["LIMIT", 1]]
  Rendering todo_lists/show.html.erb within layouts/application
  [1m[36mTodoItem Load (0.1ms)[0m  [1m[34mSELECT "todo_items".* FROM "todo_items" WHERE "todo_items"."todo_list_id" = ?[0m  [["todo_list_id", 1]]
  Rendered collection of todo_items/_todo_item.html.erb [1 times] (0.4ms)
  Rendered todo_items/_form.html.erb (2.4ms)
  Rendered todo_lists/show.html.erb within layouts/application (16.5ms)
Completed 200 OK in 32ms (Views: 30.8ms | ActiveRecord: 0.2ms)


Started POST "/todo_lists/1/todo_items" for 127.0.0.1 at 2017-03-15 20:18:07 +0100
Processing by TodoItemsController#create as HTML
  Parameters: {"utf8"=>"✓", "authenticity_token"=>"MM2X/3E2tN5IGO9yDoL8J57VkyVZZ51dLafMC5Smy/mSK0PvfLBfPPw34Bf6sNZj0XicCoLbwPY4hqghQSaKrw==", "todo_item"=>{"content"=>"Another todo item"}, "commit"=>"Create Todo item", "todo_list_id"=>"1"}
  [1m[36mTodoList Load (0.1ms)[0m  [1m[34mSELECT  "todo_lists".* FROM "todo_lists" WHERE "todo_lists"."id" = ? LIMIT ?[0m  [["id", 1], ["LIMIT", 1]]
  [1m[35m (0.1ms)[0m  [1m[36mbegin transaction[0m
  [1m[35mSQL (0.7ms)[0m  [1m[32mINSERT INTO "todo_items" ("content", "todo_list_id", "created_at", "updated_at") VALUES (?, ?, ?, ?)[0m  [["content", "Another todo item"], ["todo_list_id", 1], ["created_at", 2017-03-15 19:18:07 UTC], ["updated_at", 2017-03-15 19:18:07 UTC]]
  [1m[35m (10.9ms)[0m  [1m[36mcommit transaction[0m
Redirected to http://localhost:3000/todo_lists/1
Completed 302 Found in 17ms (ActiveRecord: 11.8ms)


Started GET "/todo_lists/1" for 127.0.0.1 at 2017-03-15 20:18:07 +0100
Processing by TodoListsController#show as HTML
  Parameters: {"id"=>"1"}
  [1m[36mTodoList Load (0.1ms)[0m  [1m[34mSELECT  "todo_lists".* FROM "todo_lists" WHERE "todo_lists"."id" = ? LIMIT ?[0m  [["id", 1], ["LIMIT", 1]]
  Rendering todo_lists/show.html.erb within layouts/application
  [1m[36mTodoItem Load (0.1ms)[0m  [1m[34mSELECT "todo_items".* FROM "todo_items" WHERE "todo_items"."todo_list_id" = ?[0m  [["todo_list_id", 1]]
  Rendered collection of todo_items/_todo_item.html.erb [2 times] (0.4ms)
  Rendered todo_items/_form.html.erb (1.5ms)
  Rendered todo_lists/show.html.erb within layouts/application (4.8ms)
Completed 200 OK in 20ms (Views: 18.5ms | ActiveRecord: 0.2ms)


Started GET "/todo_lists/1" for 127.0.0.1 at 2017-03-15 20:20:27 +0100
Processing by TodoListsController#show as HTML
  Parameters: {"id"=>"1"}
  [1m[36mTodoList Load (0.1ms)[0m  [1m[34mSELECT  "todo_lists".* FROM "todo_lists" WHERE "todo_lists"."id" = ? LIMIT ?[0m  [["id", 1], ["LIMIT", 1]]
  Rendering todo_lists/show.html.erb within layouts/application
  [1m[36mTodoItem Load (0.1ms)[0m  [1m[34mSELECT "todo_items".* FROM "todo_items" WHERE "todo_items"."todo_list_id" = ?[0m  [["todo_list_id", 1]]
  Rendered collection of todo_items/_todo_item.html.erb [2 times] (0.7ms)
  Rendered todo_items/_form.html.erb (1.4ms)
  Rendered todo_lists/show.html.erb within layouts/application (4.7ms)
Completed 200 OK in 22ms (Views: 19.8ms | ActiveRecord: 0.2ms)


Started GET "/todo_lists/1" for 127.0.0.1 at 2017-03-15 20:20:38 +0100
Processing by TodoListsController#show as HTML
  Parameters: {"id"=>"1"}
  [1m[36mTodoList Load (0.1ms)[0m  [1m[34mSELECT  "todo_lists".* FROM "todo_lists" WHERE "todo_lists"."id" = ? LIMIT ?[0m  [["id", 1], ["LIMIT", 1]]
  Rendering todo_lists/show.html.erb within layouts/application
  [1m[36mTodoItem Load (0.1ms)[0m  [1m[34mSELECT "todo_items".* FROM "todo_items" WHERE "todo_items"."todo_list_id" = ?[0m  [["todo_list_id", 1]]
  Rendered collection of todo_items/_todo_item.html.erb [2 times] (0.5ms)
  Rendered todo_items/_form.html.erb (1.1ms)
  Rendered todo_lists/show.html.erb within layouts/application (4.2ms)
Completed 200 OK in 19ms (Views: 17.4ms | ActiveRecord: 0.2ms)


Started GET "/todo_lists/1" for 127.0.0.1 at 2017-03-15 20:20:39 +0100
Processing by TodoListsController#show as HTML
  Parameters: {"id"=>"1"}
  [1m[36mTodoList Load (0.1ms)[0m  [1m[34mSELECT  "todo_lists".* FROM "todo_lists" WHERE "todo_lists"."id" = ? LIMIT ?[0m  [["id", 1], ["LIMIT", 1]]
  Rendering todo_lists/show.html.erb within layouts/application
  [1m[36mTodoItem Load (0.1ms)[0m  [1m[34mSELECT "todo_items".* FROM "todo_items" WHERE "todo_items"."todo_list_id" = ?[0m  [["todo_list_id", 1]]
  Rendered collection of todo_items/_todo_item.html.erb [2 times] (0.6ms)
  Rendered todo_items/_form.html.erb (1.1ms)
  Rendered todo_lists/show.html.erb within layouts/application (4.2ms)
Completed 200 OK in 19ms (Views: 18.0ms | ActiveRecord: 0.2ms)


Started GET "/todo_lists/1" for 127.0.0.1 at 2017-03-15 20:24:38 +0100
Processing by TodoListsController#show as HTML
  Parameters: {"id"=>"1"}
  [1m[36mTodoList Load (0.1ms)[0m  [1m[34mSELECT  "todo_lists".* FROM "todo_lists" WHERE "todo_lists"."id" = ? LIMIT ?[0m  [["id", 1], ["LIMIT", 1]]
  Rendering todo_lists/show.html.erb within layouts/application
  [1m[36mTodoItem Load (0.1ms)[0m  [1m[34mSELECT "todo_items".* FROM "todo_items" WHERE "todo_items"."todo_list_id" = ?[0m  [["todo_list_id", 1]]
  Rendered collection of todo_items/_todo_item.html.erb [2 times] (0.6ms)
  Rendered todo_items/_form.html.erb (1.6ms)
  Rendered todo_lists/show.html.erb within layouts/application (11.7ms)
Completed 200 OK in 31ms (Views: 22.7ms | ActiveRecord: 1.2ms)


Started DELETE "/todo_lists/1/todo_items/1" for 127.0.0.1 at 2017-03-15 20:24:41 +0100
Processing by TodoItemsController#destroy as HTML
  Parameters: {"authenticity_token"=>"CQ35rN1Wnl16MdBwJpy/oM85/dlUGtm3vsc4UuMk1oOr6y280NB1v84e3xXSrpXkgJTy9o+mhByr5lx4NqSX1Q==", "todo_list_id"=>"1", "id"=>"1"}
  [1m[36mTodoList Load (0.1ms)[0m  [1m[34mSELECT  "todo_lists".* FROM "todo_lists" WHERE "todo_lists"."id" = ? LIMIT ?[0m  [["id", 1], ["LIMIT", 1]]
  [1m[36mTodoItem Load (0.2ms)[0m  [1m[34mSELECT  "todo_items".* FROM "todo_items" WHERE "todo_items"."todo_list_id" = ? AND "todo_items"."id" = ? LIMIT ?[0m  [["todo_list_id", 1], ["id", 1], ["LIMIT", 1]]
  [1m[35m (0.1ms)[0m  [1m[36mbegin transaction[0m
  [1m[35mSQL (0.1ms)[0m  [1m[31mDELETE FROM "todo_items" WHERE "todo_items"."id" = ?[0m  [["id", 1]]
  [1m[35m (11.0ms)[0m  [1m[36mcommit transaction[0m
Redirected to http://localhost:3000/todo_lists/1
Completed 302 Found in 17ms (ActiveRecord: 11.4ms)


Started GET "/todo_lists/1" for 127.0.0.1 at 2017-03-15 20:24:41 +0100
Processing by TodoListsController#show as HTML
  Parameters: {"id"=>"1"}
  [1m[36mTodoList Load (0.1ms)[0m  [1m[34mSELECT  "todo_lists".* FROM "todo_lists" WHERE "todo_lists"."id" = ? LIMIT ?[0m  [["id", 1], ["LIMIT", 1]]
  Rendering todo_lists/show.html.erb within layouts/application
  [1m[36mTodoItem Load (0.1ms)[0m  [1m[34mSELECT "todo_items".* FROM "todo_items" WHERE "todo_items"."todo_list_id" = ?[0m  [["todo_list_id", 1]]
  Rendered collection of todo_items/_todo_item.html.erb [1 times] (8.3ms)
  Rendered todo_items/_form.html.erb (1.4ms)
  Rendered todo_lists/show.html.erb within layouts/application (13.2ms)
Completed 200 OK in 28ms (Views: 26.4ms | ActiveRecord: 0.2ms)


